# Logfile created on Mon Sep 04 15:27:31 CDT 2006 by logger.rb/1.5.2.7
TRACING ON Mon Sep 04 15:27:31 CDT 2006
TRACING ON Tue Sep 05 09:17:35 CDT 2006
TRACING ON Fri Sep 22 10:04:57 CDT 2006
FILES OPEN AT EXIT
--- 
log/mongrel_debug/files.log: 1

TRACING ON Thu Oct 05 09:34:16 CDT 2006
FILES OPEN AT EXIT
--- 
log/mongrel_debug/files.log: 1

TRACING ON Sun Oct 15 14:56:00 CDT 2006
FILES OPEN AT EXIT
--- 
log/mongrel_debug/files.log: 1

TRACING ON Sun Oct 15 14:56:49 CDT 2006
FILES OPEN AT EXIT
--- 
log/mongrel_debug/files.log: 1

TRACING ON Tue Oct 17 13:35:00 CDT 2006
FILES OPEN AT EXIT
--- 
log/mongrel_debug/files.log: 1

TRACING ON Wed Oct 18 07:42:23 CDT 2006
FILES OPEN AT EXIT
--- 
log/mongrel_debug/files.log: 1

TRACING ON Thu Oct 26 07:41:42 CDT 2006
FILES OPEN AT EXIT
--- 
log/mongrel_debug/files.log: 1

TRACING ON Thu Nov 02 07:08:37 CST 2006
FILES OPEN AT EXIT
--- 
log/mongrel_debug/files.log: 1

